<?xml version="1.0" encoding="UTF-8"?>
<testng-results ignored="0" total="1" passed="1" failed="0" skipped="0">
  <reporter-output>
  </reporter-output>
  <suite started-at="2018-09-02T01:49:12Z" name="Default suite" finished-at="2018-09-02T01:49:25Z" duration-ms="13212">
    <groups>
    </groups>
    <test started-at="2018-09-02T01:49:12Z" name="Default test" finished-at="2018-09-02T01:49:25Z" duration-ms="13212">
      <class name="com.wordpress.TestCases.VerifyWordpressLogin">
        <test-method is-config="true" signature="InvokeBrowser()[pri:0, instance:com.wordpress.TestCases.VerifyWordpressLogin@383bfa16]" started-at="2018-09-02T01:49:12Z" name="InvokeBrowser" finished-at="2018-09-02T01:49:19Z" duration-ms="7004" status="PASS">
          <reporter-output>
          </reporter-output>
        </test-method> <!-- InvokeBrowser -->
        <test-method signature="verifyValidLogin()[pri:0, instance:com.wordpress.TestCases.VerifyWordpressLogin@383bfa16]" started-at="2018-09-02T01:49:19Z" name="verifyValidLogin" finished-at="2018-09-02T01:49:23Z" duration-ms="3777" status="PASS">
          <reporter-output>
          </reporter-output>
        </test-method> <!-- verifyValidLogin -->
        <test-method is-config="true" signature="tearDown()[pri:0, instance:com.wordpress.TestCases.VerifyWordpressLogin@383bfa16]" started-at="2018-09-02T01:49:23Z" name="tearDown" finished-at="2018-09-02T01:49:25Z" duration-ms="2378" status="PASS">
          <reporter-output>
          </reporter-output>
        </test-method> <!-- tearDown -->
      </class> <!-- com.wordpress.TestCases.VerifyWordpressLogin -->
    </test> <!-- Default test -->
  </suite> <!-- Default suite -->
</testng-results>
